{
  message: 'if connected successfully',
  level: 'info',
  label: 'PH',
  timestamp: '2023-06-07T07:35:26.731Z'
}
{
  message: 'app listening on port 5000',
  level: 'info',
  label: 'PH',
  timestamp: '2023-06-07T07:35:26.763Z'
}
{
  message: 'if connected successfully',
  level: 'info',
  label: 'PH',
  timestamp: '2023-06-07T07:36:04.603Z'
}
{
  message: 'app listening on port 5000',
  level: 'info',
  label: 'PH',
  timestamp: '2023-06-07T07:36:04.622Z'
}
{
  message: 'if connected successfully',
  level: 'info',
  label: 'PH',
  timestamp: '2023-06-07T07:36:22.898Z'
}
{
  message: 'app listening on port 5000',
  level: 'info',
  label: 'PH',
  timestamp: '2023-06-07T07:36:22.912Z'
}
{
  message: 'if connected successfully',
  level: 'info',
  label: 'PH',
  timestamp: '2023-06-07T07:36:31.256Z'
}
{
  message: 'app listening on port 5000',
  level: 'info',
  label: 'PH',
  timestamp: '2023-06-07T07:36:31.272Z'
}
{
  message: 'if connected successfully',
  level: 'info',
  label: 'PH',
  timestamp: '2023-06-07T07:36:36.724Z'
}
{
  message: 'app listening on port 5000',
  level: 'info',
  label: 'PH',
  timestamp: '2023-06-07T07:36:36.748Z'
}
{
  message: 'if connected successfully',
  level: 'info',
  label: 'PH',
  timestamp: '2023-06-07T07:36:45.619Z'
}
{
  message: 'app listening on port 5000',
  level: 'info',
  label: 'PH',
  timestamp: '2023-06-07T07:36:45.637Z'
}
