{
  message: 'if connected successfully',
  level: 'info',
  label: 'PH',
  timestamp: '2023-06-07T16:43:54.456Z'
}
{
  message: 'app listening on port 5000',
  level: 'info',
  label: 'PH',
  timestamp: '2023-06-07T16:43:54.497Z'
}
{
  message: 'if connected successfully',
  level: 'info',
  label: 'PH',
  timestamp: '2023-06-07T16:44:12.261Z'
}
{
  message: 'app listening on port 5000',
  level: 'info',
  label: 'PH',
  timestamp: '2023-06-07T16:44:12.327Z'
}
{
  message: 'if connected successfully',
  level: 'info',
  label: 'PH',
  timestamp: '2023-06-07T16:44:31.117Z'
}
{
  message: 'app listening on port 5000',
  level: 'info',
  label: 'PH',
  timestamp: '2023-06-07T16:44:31.158Z'
}
{
  message: 'if connected successfully',
  level: 'info',
  label: 'PH',
  timestamp: '2023-06-07T16:44:45.560Z'
}
{
  message: 'app listening on port 5000',
  level: 'info',
  label: 'PH',
  timestamp: '2023-06-07T16:44:45.583Z'
}
{
  message: 'if connected successfully',
  level: 'info',
  label: 'PH',
  timestamp: '2023-06-07T16:48:57.998Z'
}
{
  message: 'app listening on port 5000',
  level: 'info',
  label: 'PH',
  timestamp: '2023-06-07T16:48:58.081Z'
}
{
  message: 'if connected successfully',
  level: 'info',
  label: 'PH',
  timestamp: '2023-06-07T16:49:17.155Z'
}
{
  message: 'app listening on port 5000',
  level: 'info',
  label: 'PH',
  timestamp: '2023-06-07T16:49:17.199Z'
}
{
  message: 'if connected successfully',
  level: 'info',
  label: 'PH',
  timestamp: '2023-06-07T16:49:23.449Z'
}
{
  message: 'app listening on port 5000',
  level: 'info',
  label: 'PH',
  timestamp: '2023-06-07T16:49:23.485Z'
}
{
  message: 'if connected successfully',
  level: 'info',
  label: 'PH',
  timestamp: '2023-06-07T16:49:50.527Z'
}
{
  message: 'app listening on port 5000',
  level: 'info',
  label: 'PH',
  timestamp: '2023-06-07T16:49:50.571Z'
}
{
  message: 'if connected successfully',
  level: 'info',
  label: 'PH',
  timestamp: '2023-06-07T16:49:58.776Z'
}
{
  message: 'app listening on port 5000',
  level: 'info',
  label: 'PH',
  timestamp: '2023-06-07T16:49:58.807Z'
}
{
  message: 'if connected successfully',
  level: 'info',
  label: 'PH',
  timestamp: '2023-06-07T16:51:28.326Z'
}
{
  message: 'app listening on port 5000',
  level: 'info',
  label: 'PH',
  timestamp: '2023-06-07T16:51:28.354Z'
}
{
  message: 'if connected successfully',
  level: 'info',
  label: 'PH',
  timestamp: '2023-06-07T16:51:39.021Z'
}
{
  message: 'app listening on port 5000',
  level: 'info',
  label: 'PH',
  timestamp: '2023-06-07T16:51:39.047Z'
}
{
  message: 'if connected successfully',
  level: 'info',
  label: 'PH',
  timestamp: '2023-06-07T16:51:51.669Z'
}
{
  message: 'app listening on port 5000',
  level: 'info',
  label: 'PH',
  timestamp: '2023-06-07T16:51:51.722Z'
}
{
  message: 'if connected successfully',
  level: 'info',
  label: 'PH',
  timestamp: '2023-06-07T16:52:11.895Z'
}
{
  message: 'app listening on port 5000',
  level: 'info',
  label: 'PH',
  timestamp: '2023-06-07T16:52:11.922Z'
}
{
  message: 'if connected successfully',
  level: 'info',
  label: 'PH',
  timestamp: '2023-06-07T16:52:19.681Z'
}
{
  message: 'app listening on port 5000',
  level: 'info',
  label: 'PH',
  timestamp: '2023-06-07T16:52:19.735Z'
}
{
  message: 'if connected successfully',
  level: 'info',
  label: 'PH',
  timestamp: '2023-06-07T16:52:39.970Z'
}
{
  message: 'app listening on port 5000',
  level: 'info',
  label: 'PH',
  timestamp: '2023-06-07T16:52:40.033Z'
}
{
  message: 'if connected successfully',
  level: 'info',
  label: 'PH',
  timestamp: '2023-06-07T16:53:25.516Z'
}
{
  message: 'app listening on port 5000',
  level: 'info',
  label: 'PH',
  timestamp: '2023-06-07T16:53:25.530Z'
}
{
  message: 'if connected successfully',
  level: 'info',
  label: 'PH',
  timestamp: '2023-06-07T16:53:33.348Z'
}
{
  message: 'app listening on port 5000',
  level: 'info',
  label: 'PH',
  timestamp: '2023-06-07T16:53:33.363Z'
}
{
  message: 'if connected successfully',
  level: 'info',
  label: 'PH',
  timestamp: '2023-06-07T16:53:45.068Z'
}
{
  message: 'app listening on port 5000',
  level: 'info',
  label: 'PH',
  timestamp: '2023-06-07T16:53:45.081Z'
}
{
  message: 'if connected successfully',
  level: 'info',
  label: 'PH',
  timestamp: '2023-06-07T16:54:09.790Z'
}
{
  message: 'app listening on port 5000',
  level: 'info',
  label: 'PH',
  timestamp: '2023-06-07T16:54:09.806Z'
}
{
  message: 'if connected successfully',
  level: 'info',
  label: 'PH',
  timestamp: '2023-06-07T16:54:21.743Z'
}
{
  message: 'app listening on port 5000',
  level: 'info',
  label: 'PH',
  timestamp: '2023-06-07T16:54:21.757Z'
}
{
  message: 'if connected successfully',
  level: 'info',
  label: 'PH',
  timestamp: '2023-06-07T16:54:37.709Z'
}
{
  message: 'app listening on port 5000',
  level: 'info',
  label: 'PH',
  timestamp: '2023-06-07T16:54:37.723Z'
}
{
  message: 'if connected successfully',
  level: 'info',
  label: 'PH',
  timestamp: '2023-06-07T16:54:58.903Z'
}
{
  message: 'app listening on port 5000',
  level: 'info',
  label: 'PH',
  timestamp: '2023-06-07T16:54:58.921Z'
}
{
  message: 'if connected successfully',
  level: 'info',
  label: 'PH',
  timestamp: '2023-06-07T16:55:08.623Z'
}
{
  message: 'app listening on port 5000',
  level: 'info',
  label: 'PH',
  timestamp: '2023-06-07T16:55:08.637Z'
}
{
  message: 'if connected successfully',
  level: 'info',
  label: 'PH',
  timestamp: '2023-06-07T16:55:15.379Z'
}
{
  message: 'app listening on port 5000',
  level: 'info',
  label: 'PH',
  timestamp: '2023-06-07T16:55:15.391Z'
}
{
  message: 'if connected successfully',
  level: 'info',
  label: 'PH',
  timestamp: '2023-06-07T16:55:37.381Z'
}
{
  message: 'app listening on port 5000',
  level: 'info',
  label: 'PH',
  timestamp: '2023-06-07T16:55:37.393Z'
}
{
  message: 'if connected successfully',
  level: 'info',
  label: 'PH',
  timestamp: '2023-06-07T16:56:11.253Z'
}
{
  message: 'app listening on port 5000',
  level: 'info',
  label: 'PH',
  timestamp: '2023-06-07T16:56:11.268Z'
}
{
  message: 'if connected successfully',
  level: 'info',
  label: 'PH',
  timestamp: '2023-06-07T16:56:50.384Z'
}
{
  message: 'app listening on port 5000',
  level: 'info',
  label: 'PH',
  timestamp: '2023-06-07T16:56:50.406Z'
}
{
  message: 'if connected successfully',
  level: 'info',
  label: 'PH',
  timestamp: '2023-06-07T16:57:04.364Z'
}
{
  message: 'app listening on port 5000',
  level: 'info',
  label: 'PH',
  timestamp: '2023-06-07T16:57:04.378Z'
}
{
  message: 'if connected successfully',
  level: 'info',
  label: 'PH',
  timestamp: '2023-06-07T16:57:24.680Z'
}
{
  message: 'app listening on port 5000',
  level: 'info',
  label: 'PH',
  timestamp: '2023-06-07T16:57:24.692Z'
}
{
  message: 'if connected successfully',
  level: 'info',
  label: 'PH',
  timestamp: '2023-06-07T16:59:34.362Z'
}
{
  message: 'app listening on port 5000',
  level: 'info',
  label: 'PH',
  timestamp: '2023-06-07T16:59:34.384Z'
}
{
  message: 'if connected successfully',
  level: 'info',
  label: 'PH',
  timestamp: '2023-06-07T17:01:15.543Z'
}
{
  message: 'app listening on port 5000',
  level: 'info',
  label: 'PH',
  timestamp: '2023-06-07T17:01:15.555Z'
}
{
  message: 'if connected successfully',
  level: 'info',
  label: 'PH',
  timestamp: '2023-06-07T17:02:38.020Z'
}
{
  message: 'app listening on port 5000',
  level: 'info',
  label: 'PH',
  timestamp: '2023-06-07T17:02:38.033Z'
}
{
  message: 'if connected successfully',
  level: 'info',
  label: 'PH',
  timestamp: '2023-06-07T17:02:47.306Z'
}
{
  message: 'app listening on port 5000',
  level: 'info',
  label: 'PH',
  timestamp: '2023-06-07T17:02:47.323Z'
}
{
  message: 'if connected successfully',
  level: 'info',
  label: 'PH',
  timestamp: '2023-06-07T17:02:55.799Z'
}
{
  message: 'app listening on port 5000',
  level: 'info',
  label: 'PH',
  timestamp: '2023-06-07T17:02:55.822Z'
}
{
  message: 'if connected successfully',
  level: 'info',
  label: 'PH',
  timestamp: '2023-06-07T17:03:25.631Z'
}
{
  message: 'app listening on port 5000',
  level: 'info',
  label: 'PH',
  timestamp: '2023-06-07T17:03:25.646Z'
}
{
  message: 'if connected successfully',
  level: 'info',
  label: 'PH',
  timestamp: '2023-06-07T17:03:43.747Z'
}
{
  message: 'app listening on port 5000',
  level: 'info',
  label: 'PH',
  timestamp: '2023-06-07T17:03:43.759Z'
}
{
  message: 'if connected successfully',
  level: 'info',
  label: 'PH',
  timestamp: '2023-06-07T17:03:48.537Z'
}
{
  message: 'app listening on port 5000',
  level: 'info',
  label: 'PH',
  timestamp: '2023-06-07T17:03:48.548Z'
}
{
  message: 'if connected successfully',
  level: 'info',
  label: 'PH',
  timestamp: '2023-06-07T17:03:56.887Z'
}
{
  message: 'app listening on port 5000',
  level: 'info',
  label: 'PH',
  timestamp: '2023-06-07T17:03:56.898Z'
}
{
  message: 'if connected successfully',
  level: 'info',
  label: 'PH',
  timestamp: '2023-06-07T17:04:07.155Z'
}
{
  message: 'app listening on port 5000',
  level: 'info',
  label: 'PH',
  timestamp: '2023-06-07T17:04:07.166Z'
}
{
  message: 'if connected successfully',
  level: 'info',
  label: 'PH',
  timestamp: '2023-06-07T17:04:35.350Z'
}
{
  message: 'app listening on port 5000',
  level: 'info',
  label: 'PH',
  timestamp: '2023-06-07T17:04:35.365Z'
}
{
  message: 'if connected successfully',
  level: 'info',
  label: 'PH',
  timestamp: '2023-06-07T17:04:39.955Z'
}
{
  message: 'app listening on port 5000',
  level: 'info',
  label: 'PH',
  timestamp: '2023-06-07T17:04:39.968Z'
}
{
  message: 'if connected successfully',
  level: 'info',
  label: 'PH',
  timestamp: '2023-06-07T17:04:44.941Z'
}
{
  message: 'app listening on port 5000',
  level: 'info',
  label: 'PH',
  timestamp: '2023-06-07T17:04:44.953Z'
}
{
  message: 'if connected successfully',
  level: 'info',
  label: 'PH',
  timestamp: '2023-06-07T17:05:19.062Z'
}
{
  message: 'app listening on port 5000',
  level: 'info',
  label: 'PH',
  timestamp: '2023-06-07T17:05:19.076Z'
}
