{
  message: 'if connected successfully',
  level: 'info',
  label: 'PH',
  timestamp: '2023-06-07T05:32:11.340Z'
}
{
  message: 'app listening on port 5000',
  level: 'info',
  label: 'PH',
  timestamp: '2023-06-07T05:32:11.358Z'
}
{
  message: 'if connected successfully',
  level: 'info',
  label: 'PH',
  timestamp: '2023-06-07T05:32:22.187Z'
}
{
  message: 'app listening on port 5000',
  level: 'info',
  label: 'PH',
  timestamp: '2023-06-07T05:32:22.200Z'
}
{
  message: 'if connected successfully',
  level: 'info',
  label: 'PH',
  timestamp: '2023-06-07T05:35:19.560Z'
}
{
  message: 'app listening on port 5000',
  level: 'info',
  label: 'PH',
  timestamp: '2023-06-07T05:35:19.574Z'
}
{
  message: 'if connected successfully',
  level: 'info',
  label: 'PH',
  timestamp: '2023-06-07T05:35:31.067Z'
}
{
  message: 'app listening on port 5000',
  level: 'info',
  label: 'PH',
  timestamp: '2023-06-07T05:35:31.088Z'
}
