{
  message: 'if connected successfully',
  level: 'info',
  label: 'PH',
  timestamp: '2023-06-07T06:48:27.011Z'
}
{
  message: 'app listening on port 5000',
  level: 'info',
  label: 'PH',
  timestamp: '2023-06-07T06:48:27.028Z'
}
{
  message: 'if connected successfully',
  level: 'info',
  label: 'PH',
  timestamp: '2023-06-07T06:50:14.994Z'
}
{
  message: 'app listening on port 5000',
  level: 'info',
  label: 'PH',
  timestamp: '2023-06-07T06:50:15.015Z'
}
{
  message: 'if connected successfully',
  level: 'info',
  label: 'PH',
  timestamp: '2023-06-07T06:50:29.265Z'
}
{
  message: 'app listening on port 5000',
  level: 'info',
  label: 'PH',
  timestamp: '2023-06-07T06:50:29.281Z'
}
{
  message: 'if connected successfully',
  level: 'info',
  label: 'PH',
  timestamp: '2023-06-07T06:50:40.910Z'
}
{
  message: 'app listening on port 5000',
  level: 'info',
  label: 'PH',
  timestamp: '2023-06-07T06:50:40.928Z'
}
{
  message: 'if connected successfully',
  level: 'info',
  label: 'PH',
  timestamp: '2023-06-07T06:51:04.292Z'
}
{
  message: 'app listening on port 5000',
  level: 'info',
  label: 'PH',
  timestamp: '2023-06-07T06:51:04.307Z'
}
{
  message: 'if connected successfully',
  level: 'info',
  label: 'PH',
  timestamp: '2023-06-07T06:51:19.411Z'
}
{
  message: 'app listening on port 5000',
  level: 'info',
  label: 'PH',
  timestamp: '2023-06-07T06:51:19.440Z'
}
{
  message: 'if connected successfully',
  level: 'info',
  label: 'PH',
  timestamp: '2023-06-07T06:52:00.570Z'
}
{
  message: 'app listening on port 5000',
  level: 'info',
  label: 'PH',
  timestamp: '2023-06-07T06:52:00.589Z'
}
{
  message: 'if connected successfully',
  level: 'info',
  label: 'PH',
  timestamp: '2023-06-07T06:54:42.373Z'
}
{
  message: 'app listening on port 5000',
  level: 'info',
  label: 'PH',
  timestamp: '2023-06-07T06:54:42.389Z'
}
{
  message: 'if connected successfully',
  level: 'info',
  label: 'PH',
  timestamp: '2023-06-07T06:54:48.243Z'
}
{
  message: 'app listening on port 5000',
  level: 'info',
  label: 'PH',
  timestamp: '2023-06-07T06:54:48.268Z'
}
{
  message: 'if connected successfully',
  level: 'info',
  label: 'PH',
  timestamp: '2023-06-07T06:54:52.602Z'
}
{
  message: 'app listening on port 5000',
  level: 'info',
  label: 'PH',
  timestamp: '2023-06-07T06:54:52.617Z'
}
{
  message: 'if connected successfully',
  level: 'info',
  label: 'PH',
  timestamp: '2023-06-07T06:55:06.915Z'
}
{
  message: 'app listening on port 5000',
  level: 'info',
  label: 'PH',
  timestamp: '2023-06-07T06:55:06.926Z'
}
{
  message: 'if connected successfully',
  level: 'info',
  label: 'PH',
  timestamp: '2023-06-07T06:55:15.236Z'
}
{
  message: 'app listening on port 5000',
  level: 'info',
  label: 'PH',
  timestamp: '2023-06-07T06:55:15.252Z'
}
{
  message: 'if connected successfully',
  level: 'info',
  label: 'PH',
  timestamp: '2023-06-07T06:55:35.756Z'
}
{
  message: 'app listening on port 5000',
  level: 'info',
  label: 'PH',
  timestamp: '2023-06-07T06:55:35.767Z'
}
{
  message: 'if connected successfully',
  level: 'info',
  label: 'PH',
  timestamp: '2023-06-07T06:55:43.773Z'
}
{
  message: 'app listening on port 5000',
  level: 'info',
  label: 'PH',
  timestamp: '2023-06-07T06:55:43.794Z'
}
{
  message: 'if connected successfully',
  level: 'info',
  label: 'PH',
  timestamp: '2023-06-07T06:55:53.246Z'
}
{
  message: 'app listening on port 5000',
  level: 'info',
  label: 'PH',
  timestamp: '2023-06-07T06:55:53.260Z'
}
{
  message: 'if connected successfully',
  level: 'info',
  label: 'PH',
  timestamp: '2023-06-07T06:56:35.875Z'
}
{
  message: 'app listening on port 5000',
  level: 'info',
  label: 'PH',
  timestamp: '2023-06-07T06:56:35.891Z'
}
{
  message: 'if connected successfully',
  level: 'info',
  label: 'PH',
  timestamp: '2023-06-07T06:56:54.413Z'
}
{
  message: 'app listening on port 5000',
  level: 'info',
  label: 'PH',
  timestamp: '2023-06-07T06:56:54.433Z'
}
{
  message: 'if connected successfully',
  level: 'info',
  label: 'PH',
  timestamp: '2023-06-07T06:57:01.154Z'
}
{
  message: 'app listening on port 5000',
  level: 'info',
  label: 'PH',
  timestamp: '2023-06-07T06:57:01.171Z'
}
{
  message: 'if connected successfully',
  level: 'info',
  label: 'PH',
  timestamp: '2023-06-07T06:57:47.535Z'
}
{
  message: 'app listening on port 5000',
  level: 'info',
  label: 'PH',
  timestamp: '2023-06-07T06:57:47.556Z'
}
{
  message: 'if connected successfully',
  level: 'info',
  label: 'PH',
  timestamp: '2023-06-07T06:57:51.550Z'
}
{
  message: 'app listening on port 5000',
  level: 'info',
  label: 'PH',
  timestamp: '2023-06-07T06:57:51.566Z'
}
{
  message: 'if connected successfully',
  level: 'info',
  label: 'PH',
  timestamp: '2023-06-07T07:00:54.702Z'
}
{
  message: 'app listening on port 5000',
  level: 'info',
  label: 'PH',
  timestamp: '2023-06-07T07:00:54.717Z'
}
