{
  message: 'if connected successfully',
  level: 'info',
  label: 'PH',
  timestamp: '2023-06-05T13:14:52.811Z'
}
{
  message: 'app listening on port 5000',
  level: 'info',
  label: 'PH',
  timestamp: '2023-06-05T13:14:52.825Z'
}
{
  message: 'if connected successfully',
  level: 'info',
  label: 'PH',
  timestamp: '2023-06-05T13:15:17.362Z'
}
{
  message: 'app listening on port 5000',
  level: 'info',
  label: 'PH',
  timestamp: '2023-06-05T13:15:17.378Z'
}
{
  message: 'if connected successfully',
  level: 'info',
  label: 'PH',
  timestamp: '2023-06-05T13:16:14.388Z'
}
{
  message: 'app listening on port 5000',
  level: 'info',
  label: 'PH',
  timestamp: '2023-06-05T13:16:14.399Z'
}
