{"level":"info","message":"if connected successfully"}
{"level":"info","message":"app listening on port 5000"}
{"level":"info","message":"if connected successfully"}
{"level":"info","message":"app listening on port 5000"}
{"level":"info","message":"if connected successfully"}
{"level":"info","message":"app listening on port 5000"}
{"level":"info","message":"if connected successfully"}
{"level":"info","message":"app listening on port 5000"}
{"level":"info","message":"if connected successfully"}
{"level":"info","message":"app listening on port 5000"}
{"level":"info","message":"if connected successfully"}
{"level":"info","message":"app listening on port 5000"}
{"level":"info","message":"if connected successfully"}
{"level":"info","message":"app listening on port 5000"}
{"level":"info","message":"if connected successfully"}
{"level":"info","message":"app listening on port 5000"}
2023-06-03T15:41:33.507Z [right meow!] info: if connected successfully
2023-06-03T15:41:33.519Z [right meow!] info: app listening on port 5000
2023-06-03T15:41:49.759Z [right meow!] info: if connected successfully
2023-06-03T15:41:49.770Z [right meow!] info: app listening on port 5000
2023-06-03T15:42:01.403Z [right meow!] info: if connected successfully
2023-06-03T15:42:01.411Z [right meow!] info: app listening on port 5000
2023-06-03T15:42:11.390Z [right meow!] info: if connected successfully
2023-06-03T15:42:11.398Z [right meow!] info: app listening on port 5000
Sat Jun 03 2023 21:41:46} [PH] info: if connected successfully
Sat Jun 03 2023 21:41:46} [PH] info: app listening on port 5000
Sat Jun 03 2023 21:43:5} [PH] info: if connected successfully
Sat Jun 03 2023 21:43:5} [PH] info: app listening on port 5000
Sat Jun 03 2023 21:43:30} [PH] info: if connected successfully
Sat Jun 03 2023 21:43:30} [PH] info: app listening on port 5000
{
  message: 'if connected successfully',
  level: 'info',
  label: 'PH',
  timestamp: '2023-06-03T16:13:44.890Z'
}
{
  message: 'app listening on port 5000',
  level: 'info',
  label: 'PH',
  timestamp: '2023-06-03T16:13:44.911Z'
}
